CRITICAL - 2024-03-06 09:09:05 --> Error: Cannot use object of type CodeIgniter\Router\RouteCollection as array
in APPPATH\Config\Routes.php on line 9.
 1 SYSTEMPATH\Router\RouteCollection.php(345): require()
 2 SYSTEMPATH\CodeIgniter.php(810): CodeIgniter\Router\RouteCollection->loadRoutes()
 3 SYSTEMPATH\CodeIgniter.php(450): CodeIgniter\CodeIgniter->tryToRouteIt(null)
 4 SYSTEMPATH\CodeIgniter.php(361): CodeIgniter\CodeIgniter->handleRequest(null, Object(Config\Cache), false)
 5 FCPATH\index.php(79): CodeIgniter\CodeIgniter->run()
CRITICAL - 2024-03-06 09:42:00 --> Error: Class "Model_Latihan1" not found
in APPPATH\Controllers\Latihan1.php on line 15.
 1 SYSTEMPATH\CodeIgniter.php(941): App\Controllers\Latihan1->penjumlahan()
 2 SYSTEMPATH\CodeIgniter.php(502): CodeIgniter\CodeIgniter->runController(Object(App\Controllers\Latihan1))
 3 SYSTEMPATH\CodeIgniter.php(361): CodeIgniter\CodeIgniter->handleRequest(null, Object(Config\Cache), false)
 4 FCPATH\index.php(79): CodeIgniter\CodeIgniter->run()
CRITICAL - 2024-03-06 09:52:04 --> Error: Class "Model_Latihan1" not found
in APPPATH\Controllers\Latihan1.php on line 13.
 1 SYSTEMPATH\CodeIgniter.php(941): App\Controllers\Latihan1->penjumlahan()
 2 SYSTEMPATH\CodeIgniter.php(502): CodeIgniter\CodeIgniter->runController(Object(App\Controllers\Latihan1))
 3 SYSTEMPATH\CodeIgniter.php(361): CodeIgniter\CodeIgniter->handleRequest(null, Object(Config\Cache), false)
 4 FCPATH\index.php(79): CodeIgniter\CodeIgniter->run()
CRITICAL - 2024-03-06 09:52:06 --> Error: Class "Model_Latihan1" not found
in APPPATH\Controllers\Latihan1.php on line 13.
 1 SYSTEMPATH\CodeIgniter.php(941): App\Controllers\Latihan1->penjumlahan()
 2 SYSTEMPATH\CodeIgniter.php(502): CodeIgniter\CodeIgniter->runController(Object(App\Controllers\Latihan1))
 3 SYSTEMPATH\CodeIgniter.php(361): CodeIgniter\CodeIgniter->handleRequest(null, Object(Config\Cache), false)
 4 FCPATH\index.php(79): CodeIgniter\CodeIgniter->run()
CRITICAL - 2024-03-06 09:52:07 --> Error: Class "Model_Latihan1" not found
in APPPATH\Controllers\Latihan1.php on line 13.
 1 SYSTEMPATH\CodeIgniter.php(941): App\Controllers\Latihan1->penjumlahan()
 2 SYSTEMPATH\CodeIgniter.php(502): CodeIgniter\CodeIgniter->runController(Object(App\Controllers\Latihan1))
 3 SYSTEMPATH\CodeIgniter.php(361): CodeIgniter\CodeIgniter->handleRequest(null, Object(Config\Cache), false)
 4 FCPATH\index.php(79): CodeIgniter\CodeIgniter->run()
CRITICAL - 2024-03-06 09:57:43 --> CodeIgniter\Database\Exceptions\DatabaseException: You must set the database table to be used with your query.
in SYSTEMPATH\Database\BaseConnection.php on line 884.
 1 SYSTEMPATH\Model.php(662): CodeIgniter\Database\BaseConnection->table(null)
 2 SYSTEMPATH\Model.php(864): CodeIgniter\Model->builder()
 3 APPPATH\Controllers\Latihan1.php(16): CodeIgniter\Model->__call('penjumlahan', [...])
 4 SYSTEMPATH\CodeIgniter.php(941): App\Controllers\Latihan1->penjumlahan()
 5 SYSTEMPATH\CodeIgniter.php(502): CodeIgniter\CodeIgniter->runController(Object(App\Controllers\Latihan1))
 6 SYSTEMPATH\CodeIgniter.php(361): CodeIgniter\CodeIgniter->handleRequest(null, Object(Config\Cache), false)
 7 FCPATH\index.php(79): CodeIgniter\CodeIgniter->run()
CRITICAL - 2024-03-06 09:58:53 --> CodeIgniter\Database\Exceptions\DatabaseException: You must set the database table to be used with your query.
in SYSTEMPATH\Database\BaseConnection.php on line 884.
 1 SYSTEMPATH\Model.php(662): CodeIgniter\Database\BaseConnection->table(null)
 2 SYSTEMPATH\Model.php(864): CodeIgniter\Model->builder()
 3 APPPATH\Controllers\Latihan1.php(16): CodeIgniter\Model->__call('penjumlahan', [...])
 4 SYSTEMPATH\CodeIgniter.php(941): App\Controllers\Latihan1->penjumlahan()
 5 SYSTEMPATH\CodeIgniter.php(502): CodeIgniter\CodeIgniter->runController(Object(App\Controllers\Latihan1))
 6 SYSTEMPATH\CodeIgniter.php(361): CodeIgniter\CodeIgniter->handleRequest(null, Object(Config\Cache), false)
 7 FCPATH\index.php(79): CodeIgniter\CodeIgniter->run()
CRITICAL - 2024-03-06 10:01:15 --> CodeIgniter\Database\Exceptions\DatabaseException: You must set the database table to be used with your query.
in SYSTEMPATH\Database\BaseConnection.php on line 884.
 1 SYSTEMPATH\Model.php(662): CodeIgniter\Database\BaseConnection->table(null)
 2 SYSTEMPATH\Model.php(864): CodeIgniter\Model->builder()
 3 APPPATH\Controllers\Latihan1.php(16): CodeIgniter\Model->__call('penjumlahan', [...])
 4 SYSTEMPATH\CodeIgniter.php(941): App\Controllers\Latihan1->penjumlahan()
 5 SYSTEMPATH\CodeIgniter.php(502): CodeIgniter\CodeIgniter->runController(Object(App\Controllers\Latihan1))
 6 SYSTEMPATH\CodeIgniter.php(361): CodeIgniter\CodeIgniter->handleRequest(null, Object(Config\Cache), false)
 7 FCPATH\index.php(79): CodeIgniter\CodeIgniter->run()
CRITICAL - 2024-03-06 10:05:23 --> CodeIgniter\Database\Exceptions\DatabaseException: You must set the database table to be used with your query.
in SYSTEMPATH\Database\BaseConnection.php on line 884.
 1 SYSTEMPATH\Model.php(662): CodeIgniter\Database\BaseConnection->table(null)
 2 SYSTEMPATH\Model.php(864): CodeIgniter\Model->builder()
 3 APPPATH\Controllers\Latihan1.php(16): CodeIgniter\Model->__call('penjumlahan', [...])
 4 SYSTEMPATH\CodeIgniter.php(941): App\Controllers\Latihan1->penjumlahan()
 5 SYSTEMPATH\CodeIgniter.php(502): CodeIgniter\CodeIgniter->runController(Object(App\Controllers\Latihan1))
 6 SYSTEMPATH\CodeIgniter.php(361): CodeIgniter\CodeIgniter->handleRequest(null, Object(Config\Cache), false)
 7 FCPATH\index.php(79): CodeIgniter\CodeIgniter->run()
CRITICAL - 2024-03-06 10:07:24 --> CodeIgniter\Database\Exceptions\DatabaseException: You must set the database table to be used with your query.
in SYSTEMPATH\Database\BaseConnection.php on line 884.
 1 SYSTEMPATH\Model.php(662): CodeIgniter\Database\BaseConnection->table(null)
 2 SYSTEMPATH\Model.php(864): CodeIgniter\Model->builder()
 3 APPPATH\Controllers\Latihan1.php(16): CodeIgniter\Model->__call('penjumlahan', [...])
 4 SYSTEMPATH\CodeIgniter.php(941): App\Controllers\Latihan1->penjumlahan()
 5 SYSTEMPATH\CodeIgniter.php(502): CodeIgniter\CodeIgniter->runController(Object(App\Controllers\Latihan1))
 6 SYSTEMPATH\CodeIgniter.php(361): CodeIgniter\CodeIgniter->handleRequest(null, Object(Config\Cache), false)
 7 FCPATH\index.php(79): CodeIgniter\CodeIgniter->run()
CRITICAL - 2024-03-06 10:08:47 --> CodeIgniter\Database\Exceptions\DatabaseException: You must set the database table to be used with your query.
in SYSTEMPATH\Database\BaseConnection.php on line 884.
 1 SYSTEMPATH\Model.php(662): CodeIgniter\Database\BaseConnection->table(null)
 2 SYSTEMPATH\Model.php(864): CodeIgniter\Model->builder()
 3 APPPATH\Controllers\Latihan1.php(16): CodeIgniter\Model->__call('penjumlahan', [...])
 4 SYSTEMPATH\CodeIgniter.php(941): App\Controllers\Latihan1->jumlah()
 5 SYSTEMPATH\CodeIgniter.php(502): CodeIgniter\CodeIgniter->runController(Object(App\Controllers\Latihan1))
 6 SYSTEMPATH\CodeIgniter.php(361): CodeIgniter\CodeIgniter->handleRequest(null, Object(Config\Cache), false)
 7 FCPATH\index.php(79): CodeIgniter\CodeIgniter->run()
CRITICAL - 2024-03-06 10:15:10 --> CodeIgniter\Database\Exceptions\DatabaseException: You must set the database table to be used with your query.
in SYSTEMPATH\Database\BaseConnection.php on line 884.
 1 SYSTEMPATH\Model.php(662): CodeIgniter\Database\BaseConnection->table(null)
 2 SYSTEMPATH\Model.php(864): CodeIgniter\Model->builder()
 3 APPPATH\Controllers\Latihan1.php(16): CodeIgniter\Model->__call('penjumlahan', [...])
 4 SYSTEMPATH\CodeIgniter.php(941): App\Controllers\Latihan1->jumlah()
 5 SYSTEMPATH\CodeIgniter.php(502): CodeIgniter\CodeIgniter->runController(Object(App\Controllers\Latihan1))
 6 SYSTEMPATH\CodeIgniter.php(361): CodeIgniter\CodeIgniter->handleRequest(null, Object(Config\Cache), false)
 7 FCPATH\index.php(79): CodeIgniter\CodeIgniter->run()
CRITICAL - 2024-03-06 10:15:22 --> CodeIgniter\Database\Exceptions\DatabaseException: You must set the database table to be used with your query.
in SYSTEMPATH\Database\BaseConnection.php on line 884.
 1 SYSTEMPATH\Model.php(662): CodeIgniter\Database\BaseConnection->table(null)
 2 SYSTEMPATH\Model.php(864): CodeIgniter\Model->builder()
 3 APPPATH\Controllers\Latihan1.php(16): CodeIgniter\Model->__call('penjumlahan', [...])
 4 SYSTEMPATH\CodeIgniter.php(941): App\Controllers\Latihan1->jumlah()
 5 SYSTEMPATH\CodeIgniter.php(502): CodeIgniter\CodeIgniter->runController(Object(App\Controllers\Latihan1))
 6 SYSTEMPATH\CodeIgniter.php(361): CodeIgniter\CodeIgniter->handleRequest(null, Object(Config\Cache), false)
 7 FCPATH\index.php(79): CodeIgniter\CodeIgniter->run()
CRITICAL - 2024-03-06 10:15:39 --> CodeIgniter\Database\Exceptions\DatabaseException: You must set the database table to be used with your query.
in SYSTEMPATH\Database\BaseConnection.php on line 884.
 1 SYSTEMPATH\Model.php(662): CodeIgniter\Database\BaseConnection->table(null)
 2 SYSTEMPATH\Model.php(864): CodeIgniter\Model->builder()
 3 APPPATH\Controllers\Latihan1.php(16): CodeIgniter\Model->__call('penjumlahan', [...])
 4 SYSTEMPATH\CodeIgniter.php(941): App\Controllers\Latihan1->jumlah()
 5 SYSTEMPATH\CodeIgniter.php(502): CodeIgniter\CodeIgniter->runController(Object(App\Controllers\Latihan1))
 6 SYSTEMPATH\CodeIgniter.php(361): CodeIgniter\CodeIgniter->handleRequest(null, Object(Config\Cache), false)
 7 FCPATH\index.php(79): CodeIgniter\CodeIgniter->run()
CRITICAL - 2024-03-06 10:16:28 --> CodeIgniter\Database\Exceptions\DatabaseException: You must set the database table to be used with your query.
in SYSTEMPATH\Database\BaseConnection.php on line 884.
 1 SYSTEMPATH\Model.php(662): CodeIgniter\Database\BaseConnection->table(null)
 2 SYSTEMPATH\Model.php(864): CodeIgniter\Model->builder()
 3 APPPATH\Controllers\Latihan1.php(16): CodeIgniter\Model->__call('penjumlahan', [...])
 4 SYSTEMPATH\CodeIgniter.php(941): App\Controllers\Latihan1->jumlah()
 5 SYSTEMPATH\CodeIgniter.php(502): CodeIgniter\CodeIgniter->runController(Object(App\Controllers\Latihan1))
 6 SYSTEMPATH\CodeIgniter.php(361): CodeIgniter\CodeIgniter->handleRequest(null, Object(Config\Cache), false)
 7 FCPATH\index.php(79): CodeIgniter\CodeIgniter->run()
CRITICAL - 2024-03-06 10:18:13 --> Error: Class "Config\Database" not found
in SYSTEMPATH\Debug\Toolbar\Collectors\Database.php on line 256.
 1 SYSTEMPATH\Debug\Toolbar\Collectors\Database.php(73): CodeIgniter\Debug\Toolbar\Collectors\Database->getConnections()
 2 SYSTEMPATH\Debug\Toolbar.php(65): CodeIgniter\Debug\Toolbar\Collectors\Database->__construct()
 3 SYSTEMPATH\Config\Services.php(779): CodeIgniter\Debug\Toolbar->__construct(Object(Config\Toolbar))
 4 SYSTEMPATH\Config\BaseService.php(258): CodeIgniter\Config\Services::toolbar(Object(Config\Toolbar), false)
 5 SYSTEMPATH\Config\BaseService.php(199): CodeIgniter\Config\BaseService::__callStatic('toolbar', [...])
 6 SYSTEMPATH\Config\Services.php(774): CodeIgniter\Config\BaseService::getSharedInstance('toolbar', null)
 7 SYSTEMPATH\Config\BaseService.php(258): CodeIgniter\Config\Services::toolbar()
 8 APPPATH\Config\Events.php(47): CodeIgniter\Config\BaseService::__callStatic('toolbar', [])
 9 SYSTEMPATH\Events\Events.php(154): CodeIgniter\Events\Events::Config\{closure}()
10 SYSTEMPATH\CodeIgniter.php(442): CodeIgniter\Events\Events::trigger('pre_system')
11 SYSTEMPATH\CodeIgniter.php(361): CodeIgniter\CodeIgniter->handleRequest(null, Object(Config\Cache), false)
12 FCPATH\index.php(79): CodeIgniter\CodeIgniter->run()
CRITICAL - 2024-03-06 10:25:18 --> ArgumentCountError: Too few arguments to function App\Controllers\Latihan1::jumlah(), 0 passed in C:\xampp\htdocs\pustaka-booking\vendor\codeigniter4\framework\system\CodeIgniter.php on line 941 and exactly 2 expected
in APPPATH\Controllers\Latihan1.php on line 13.
 1 SYSTEMPATH\CodeIgniter.php(941): App\Controllers\Latihan1->jumlah()
 2 SYSTEMPATH\CodeIgniter.php(502): CodeIgniter\CodeIgniter->runController(Object(App\Controllers\Latihan1))
 3 SYSTEMPATH\CodeIgniter.php(361): CodeIgniter\CodeIgniter->handleRequest(null, Object(Config\Cache), false)
 4 FCPATH\index.php(79): CodeIgniter\CodeIgniter->run()
